<?xml version="1.0" encoding="UTF-8"?>
<!-- Generated by org.testng.reporters.JUnitReportReporter -->
<testsuite name="ParallelSuiteTest" tests="2" time="0.003" ignored="2" failures="0" timestamp="10 Feb 2017 14:04:52 GMT" skipped="0" hostname="kamilb-prism" errors="0">
  <testcase name="testMethodOne" time="0.000" classname="ParallelSuiteTest"/>
  <testcase name="testMethodOne" time="0.003" classname="ParallelSuiteTest"/>
  <testcase name="testMethodFour" classname="RegularExpressionGroupTest">
    <skipped/>
  </testcase> <!-- testMethodFour -->
  <testcase name="testMethodThree" classname="RegularExpressionGroupTest">
    <skipped/>
  </testcase> <!-- testMethodThree -->
</testsuite> <!-- ParallelSuiteTest -->
